# JRE version: OpenJDK Runtime Environment (11.0.11+9) (build 11.0.11+9-b60-7590822)
# Java VM: OpenJDK 64-Bit Server VM (11.0.11+9-b60-7590822, mixed mode, tiered, compressed oops, g1 gc, windows-amd64)
Heap:
 garbage-first heap   total 270336K, used 162293K [0x0000000080000000, 0x0000000100000000)
  region size 1024K, 10 young (10240K), 2 survivors (2048K)
 Metaspace       used 118695K, capacity 122167K, committed 122368K, reserved 1155072K
  class space    used 14854K, capacity 16063K, committed 16128K, reserved 1048576K
GC Heap History (20 events):
Event: 36.104 GC heap before
{Heap before GC invocations=53 (full 0):
 garbage-first heap   total 270336K, used 230143K [0x0000000080000000, 0x0000000100000000)
  region size 1024K, 109 young (111616K), 9 survivors (9216K)
 Metaspace       used 106950K, capacity 109612K, committed 109824K, reserved 1144832K
  class space    used 13538K, capacity 14528K, committed 14592K, reserved 1048576K
}
Event: 36.114 GC heap after
{Heap after GC invocations=54 (full 0):
 garbage-first heap   total 270336K, used 133636K [0x0000000080000000, 0x0000000100000000)
  region size 1024K, 11 young (11264K), 11 survivors (11264K)
 Metaspace       used 106950K, capacity 109612K, committed 109824K, reserved 1144832K
  class space    used 13538K, capacity 14528K, committed 14592K, reserved 1048576K
}
Event: 522.017 GC heap before
{Heap before GC invocations=54 (full 0):
 garbage-first heap   total 270336K, used 228868K [0x0000000080000000, 0x0000000100000000)
  region size 1024K, 105 young (107520K), 11 survivors (11264K)
 Metaspace       used 111059K, capacity 114027K, committed 114176K, reserved 1148928K
  class space    used 14037K, capacity 15086K, committed 15104K, reserved 1048576K
}
Event: 522.041 GC heap after
{Heap after GC invocations=55 (full 0):
 garbage-first heap   total 270336K, used 138769K [0x0000000080000000, 0x0000000100000000)
  region size 1024K, 11 young (11264K), 11 survivors (11264K)
 Metaspace       used 111059K, capacity 114027K, committed 114176K, reserved 1148928K
  class space    used 14037K, capacity 15086K, committed 15104K, reserved 1048576K
}
Event: 680.484 GC heap before
{Heap before GC invocations=56 (full 0):
 garbage-first heap   total 270336K, used 228881K [0x0000000080000000, 0x0000000100000000)
  region size 1024K, 99 young (101376K), 11 survivors (11264K)
 Metaspace       used 113548K, capacity 116748K, committed 116992K, reserved 1150976K
  class space    used 14370K, capacity 15498K, committed 15616K, reserved 1048576K
}
Event: 680.500 GC heap after
{Heap after GC invocations=57 (full 0):
 garbage-first heap   total 270336K, used 147203K [0x0000000080000000, 0x0000000100000000)
  region size 1024K, 13 young (13312K), 13 survivors (13312K)
 Metaspace       used 113548K, capacity 116748K, committed 116992K, reserved 1150976K
  class space    used 14370K, capacity 15498K, committed 15616K, reserved 1048576K
}
Event: 680.899 GC heap before
{Heap before GC invocations=57 (full 0):
 garbage-first heap   total 270336K, used 168707K [0x0000000080000000, 0x0000000100000000)
  region size 1024K, 36 young (36864K), 13 survivors (13312K)
 Metaspace       used 114358K, capacity 117566K, committed 117760K, reserved 1150976K
  class space    used 14433K, capacity 15577K, committed 15616K, reserved 1048576K
}
Event: 680.909 GC heap after
{Heap after GC invocations=58 (full 0):
 garbage-first heap   total 270336K, used 149935K [0x0000000080000000, 0x0000000100000000)
  region size 1024K, 3 young (3072K), 3 survivors (3072K)
 Metaspace       used 114358K, capacity 117566K, committed 117760K, reserved 1150976K
  class space    used 14433K, capacity 15577K, committed 15616K, reserved 1048576K
}
Event: 682.061 GC heap before
{Heap before GC invocations=59 (full 0):
 garbage-first heap   total 270336K, used 222639K [0x0000000080000000, 0x0000000100000000)
  region size 1024K, 58 young (59392K), 3 survivors (3072K)
 Metaspace       used 116827K, capacity 120035K, committed 120320K, reserved 1153024K
  class space    used 14662K, capacity 15817K, committed 15872K, reserved 1048576K
}
Event: 682.065 GC heap after
{Heap after GC invocations=60 (full 0):
 garbage-first heap   total 270336K, used 149850K [0x0000000080000000, 0x0000000100000000)
  region size 1024K, 3 young (3072K), 3 survivors (3072K)
 Metaspace       used 116827K, capacity 120035K, committed 120320K, reserved 1153024K
  class space    used 14662K, capacity 15817K, committed 15872K, reserved 1048576K
}
Event: 682.532 GC heap before
{Heap before GC invocations=60 (full 0):
 garbage-first heap   total 270336K, used 159066K [0x0000000080000000, 0x0000000100000000)
  region size 1024K, 13 young (13312K), 3 survivors (3072K)
 Metaspace       used 117064K, capacity 120290K, committed 120320K, reserved 1153024K
  class space    used 14693K, capacity 15854K, committed 15872K, reserved 1048576K
}
Event: 682.539 GC heap after
{Heap after GC invocations=61 (full 0):
 garbage-first heap   total 270336K, used 143232K [0x0000000080000000, 0x0000000100000000)
  region size 1024K, 2 young (2048K), 2 survivors (2048K)
 Metaspace       used 117064K, capacity 120290K, committed 120320K, reserved 1153024K
  class space    used 14693K, capacity 15854K, committed 15872K, reserved 1048576K
}
Event: 682.888 GC heap before
{Heap before GC invocations=61 (full 0):
 garbage-first heap   total 270336K, used 204672K [0x0000000080000000, 0x0000000100000000)
  region size 1024K, 63 young (64512K), 2 survivors (2048K)
 Metaspace       used 117569K, capacity 120823K, committed 120832K, reserved 1155072K
  class space    used 14736K, capacity 15869K, committed 15872K, reserved 1048576K
}
Event: 682.898 GC heap after
{Heap after GC invocations=62 (full 0):
 garbage-first heap   total 270336K, used 147829K [0x0000000080000000, 0x0000000100000000)
  region size 1024K, 7 young (7168K), 7 survivors (7168K)
 Metaspace       used 117569K, capacity 120823K, committed 120832K, reserved 1155072K
  class space    used 14736K, capacity 15869K, committed 15872K, reserved 1048576K
}
Event: 687.087 GC heap before
{Heap before GC invocations=63 (full 0):
 garbage-first heap   total 270336K, used 209269K [0x0000000080000000, 0x0000000100000000)
  region size 1024K, 68 young (69632K), 7 survivors (7168K)
 Metaspace       used 118257K, capacity 121507K, committed 121728K, reserved 1155072K
  class space    used 14815K, capacity 15988K, committed 16000K, reserved 1048576K
}
Event: 687.098 GC heap after
{Heap after GC invocations=64 (full 0):
 garbage-first heap   total 270336K, used 150676K [0x0000000080000000, 0x0000000100000000)
  region size 1024K, 3 young (3072K), 3 survivors (3072K)
 Metaspace       used 118257K, capacity 121507K, committed 121728K, reserved 1155072K
  class space    used 14815K, capacity 15988K, committed 16000K, reserved 1048576K
}
Event: 699.002 GC heap before
{Heap before GC invocations=64 (full 0):
 garbage-first heap   total 270336K, used 160916K [0x0000000080000000, 0x0000000100000000)
  region size 1024K, 13 young (13312K), 3 survivors (3072K)
 Metaspace       used 118454K, capacity 121930K, committed 122112K, reserved 1155072K
  class space    used 14844K, capacity 16044K, committed 16128K, reserved 1048576K
}
Event: 701.373 GC heap after
{Heap after GC invocations=65 (full 0):
 garbage-first heap   total 270336K, used 151868K [0x0000000080000000, 0x0000000100000000)
  region size 1024K, 2 young (2048K), 2 survivors (2048K)
 Metaspace       used 118454K, capacity 121930K, committed 122112K, reserved 1155072K
  class space    used 14844K, capacity 16044K, committed 16128K, reserved 1048576K
}
Event: 701.622 GC heap before
{Heap before GC invocations=65 (full 0):
 garbage-first heap   total 270336K, used 162108K [0x0000000080000000, 0x0000000100000000)
  region size 1024K, 13 young (13312K), 2 survivors (2048K)
 Metaspace       used 118471K, capacity 121934K, committed 122112K, reserved 1155072K
  class space    used 14844K, capacity 16044K, committed 16128K, reserved 1048576K
}
Event: 701.952 GC heap after
{Heap after GC invocations=66 (full 0):
 garbage-first heap   total 270336K, used 152480K [0x0000000080000000, 0x0000000100000000)
  region size 1024K, 1 young (1024K), 1 survivors (1024K)
 Metaspace       used 118471K, capacity 121934K, committed 122112K, reserved 1155072K
  class space    used 14844K, capacity 16044K, committed 16128K, reserved 1048576K
}

